2018-03-22 18:14:03 =SUPERVISOR REPORT====
     Supervisor: {local,'Elixir.Logger.Supervisor'}
     Context:    child_terminated
     Reason:     normal
     Offender:   [{pid,<0.279.0>},{id,'Elixir.Logger.ErrorHandler'},{mfargs,{'Elixir.Logger.Watcher',start_link,[{error_logger,'Elixir.Logger.ErrorHandler',{true,false,500}}]}},{restart_type,permanent},{shutdown,5000},{child_type,worker}]

2018-03-22 18:16:04 =ERROR REPORT====
** Generic server <0.376.0> terminating 
** Last message in was {inet_async,#Port<0.13231>,322,{error,timeout}}
** When Server state == {state,#Port<0.13231>,<0.372.0>,<0.374.0>,{method,rabbit_framing_amqp_0_9_1},{expecting_header,<<>>}}
** Reason for termination == 
** {socket_error,timeout}
2018-03-22 18:16:04 =ERROR REPORT====
** Generic server <0.372.0> terminating 
** Last message in was {socket_error,timeout}
** When Server state == {state,amqp_network_connection,{state,#Port<0.13231>,<<"client 127.0.0.1:60141 -> 127.0.0.1:5672">>,60,<0.375.0>,131072,<0.371.0>,undefined,false},<0.374.0>,{amqp_params_network,<<"guest">>,<<"guest">>,<<"/">>,"localhost",5672,0,0,0,infinity,none,[#Fun<amqp_auth_mechanisms.plain.3>,#Fun<amqp_auth_mechanisms.amqplain.3>],[],[]},0,[{<<"capabilities">>,table,[{<<"publisher_confirms">>,bool,true},{<<"exchange_exchange_bindings">>,bool,true},{<<"basic.nack">>,bool,true},{<<"consumer_cancel_notify">>,bool,true},{<<"connection.blocked">>,bool,true},{<<"consumer_priorities">>,bool,true},{<<"authentication_failure_close">>,bool,true},{<<"per_consumer_qos">>,bool,true},{<<"direct_reply_to">>,bool,true}]},{<<"cluster_name">>,longstr,<<"rabbit@NT-21.tcb.local">>},{<<"copyright">>,longstr,<<"Copyright (C) 2007-2018 Pivotal Software, Inc.">>},{<<"information">>,longstr,<<"Licensed under the MPL.  See http://www.rabbitmq.com/">>},{<<"platform">>,longstr,<<"Erlang/OTP 20.2">>},{<<"product">>,longstr,<<"RabbitMQ">>},{<<"version">>,longstr,<<"3.7.4">>}],none,false}
** Reason for termination == 
** {socket_error,timeout}
2018-03-22 18:16:04 =CRASH REPORT====
  crasher:
    initial call: amqp_main_reader:init/1
    pid: <0.376.0>
    registered_name: []
    exception exit: {{socket_error,timeout},[{gen_server,handle_common_reply,8,[{file,"gen_server.erl"},{line,726}]},{proc_lib,init_p_do_apply,3,[{file,"proc_lib.erl"},{line,247}]}]}
    ancestors: [<0.371.0>,<0.370.0>,amqp_sup,<0.341.0>]
    message_queue_len: 0
    messages: []
    links: [<0.371.0>]
    dictionary: [{gen_server_call_timeout,60000},{process_name,{amqp_main_reader,<<"client 127.0.0.1:60141 -> 127.0.0.1:5672">>}}]
    trap_exit: false
    status: running
    heap_size: 987
    stack_size: 27
    reductions: 1314
  neighbours:
2018-03-22 18:16:04 =CRASH REPORT====
  crasher:
    initial call: amqp_gen_connection:init/1
    pid: <0.372.0>
    registered_name: []
    exception exit: {{socket_error,timeout},[{gen_server,handle_common_reply,8,[{file,"gen_server.erl"},{line,726}]},{proc_lib,init_p_do_apply,3,[{file,"proc_lib.erl"},{line,247}]}]}
    ancestors: [<0.370.0>,amqp_sup,<0.341.0>]
    message_queue_len: 0
    messages: []
    links: [<0.370.0>,#Port<0.13231>]
    dictionary: [{gen_server_call_timeout,60000},{process_name,{amqp_gen_connection,<<"client 127.0.0.1:60141 -> 127.0.0.1:5672">>}}]
    trap_exit: true
    status: running
    heap_size: 987
    stack_size: 27
    reductions: 2105
  neighbours:
2018-03-22 18:16:04 =SUPERVISOR REPORT====
     Supervisor: {<0.370.0>,amqp_connection_sup}
     Context:    child_terminated
     Reason:     {socket_error,timeout}
     Offender:   [{pid,<0.372.0>},{name,connection},{mfargs,{amqp_gen_connection,start_link,[<0.371.0>,{amqp_params_network,<<"guest">>,<<"guest">>,<<"/">>,"localhost",5672,0,0,0,infinity,none,[#Fun<amqp_auth_mechanisms.plain.3>,#Fun<amqp_auth_mechanisms.amqplain.3>],[],[]}]}},{restart_type,intrinsic},{shutdown,brutal_kill},{child_type,worker}]

2018-03-22 18:16:04 =SUPERVISOR REPORT====
     Supervisor: {<0.370.0>,amqp_connection_sup}
     Context:    shutdown
     Reason:     reached_max_restart_intensity
     Offender:   [{pid,<0.372.0>},{name,connection},{mfargs,{amqp_gen_connection,start_link,[<0.371.0>,{amqp_params_network,<<"guest">>,<<"guest">>,<<"/">>,"localhost",5672,0,0,0,infinity,none,[#Fun<amqp_auth_mechanisms.plain.3>,#Fun<amqp_auth_mechanisms.amqplain.3>],[],[]}]}},{restart_type,intrinsic},{shutdown,brutal_kill},{child_type,worker}]

2018-03-22 18:16:04 =SUPERVISOR REPORT====
     Supervisor: {<0.371.0>,amqp_connection_type_sup}
     Context:    child_terminated
     Reason:     {socket_error,timeout}
     Offender:   [{pid,<0.376.0>},{name,main_reader},{mfargs,{amqp_main_reader,start_link,[#Port<0.13231>,<0.372.0>,<0.374.0>,{method,rabbit_framing_amqp_0_9_1},<<"client 127.0.0.1:60141 -> 127.0.0.1:5672">>]}},{restart_type,transient},{shutdown,30000},{child_type,worker}]

2018-03-22 18:16:04 =SUPERVISOR REPORT====
     Supervisor: {<0.371.0>,amqp_connection_type_sup}
     Context:    shutdown
     Reason:     reached_max_restart_intensity
     Offender:   [{pid,<0.376.0>},{name,main_reader},{mfargs,{amqp_main_reader,start_link,[#Port<0.13231>,<0.372.0>,<0.374.0>,{method,rabbit_framing_amqp_0_9_1},<<"client 127.0.0.1:60141 -> 127.0.0.1:5672">>]}},{restart_type,transient},{shutdown,30000},{child_type,worker}]

